<?xml version='1.0' encoding='UTF-8'?>
<testsuite hostname="DESKTOP-9LB40F3" name="de.htwg.se.bettler.controller.controllerBaseImp.controllerSpec" tests="9" errors="0" failures="0" skipped="0" time="0.263" timestamp="2023-04-25T20:49:48">
          <properties>
      <property name="java.specification.version" value="14"/><property name="sun.cpu.isalist" value="amd64"/><property name="sun.jnu.encoding" value="Cp1252"/><property name="sun.arch.data.model" value="64"/><property name="bootstrap.mainClass" value="xsbt.boot.Boot"/><property name="java.vendor.url" value="https://java.oracle.com/"/><property name="sun.boot.library.path" value="C:\Program Files\Java\jdk-14.0.2\bin"/><property name="sun.java.command" value="C:\Users\lukas\AppData\Local\Coursier\data\bin\sbt.bat test"/><property name="jdk.debug" value="release"/><property name="sun.stderr.encoding" value="cp850"/><property name="java.specification.vendor" value="Oracle Corporation"/><property name="java.version.date" value="2020-07-14"/><property name="java.home" value="C:\Program Files\Java\jdk-14.0.2"/><property name="file.separator" value="\"/><property name="java.vm.compressedOopsMode" value="Zero based"/><property name="line.separator" value="
"/><property name="sun.stdout.encoding" value="cp850"/><property name="java.vm.specification.vendor" value="Oracle Corporation"/><property name="java.specification.name" value="Java Platform API Specification"/><property name="user.script" value=""/><property name="sun.management.compiler" value="HotSpot 64-Bit Tiered Compilers"/><property name="java.runtime.version" value="14.0.2+12-46"/><property name="user.name" value="lukas"/><property name="log4j.ignoreTCL" value="true"/><property name="file.encoding" value="Cp1252"/><property name="jnidispatch.path" value="C:\Users\lukas\AppData\Local\Temp\jna-103331764\jna12345167968211903704.dll"/><property name="jna.loaded" value="true"/><property name="java.io.tmpdir" value="C:\Users\lukas\AppData\Local\Temp\"/><property name="java.version" value="14.0.2"/><property name="java.vm.specification.name" value="Java Virtual Machine Specification"/><property name="sun.os.patch.level" value=""/><property name="java.library.path" value="C:\Program Files\Java\jdk-14.0.2\bin;C:\WINDOWS\Sun\Java\bin;C:\WINDOWS\system32;C:\WINDOWS;C:\Program Files\Common Files\Oracle\Java\javapath;C:\Program Files\Eclipse Foundation\jdk-17.0.0.35-hotspot\bin;C:\Program Files (x86)\Common Files\Oracle\Java\javapath;C:\WINDOWS\system32;C:\WINDOWS;C:\WINDOWS\System32\Wbem;C:\WINDOWS\System32\WindowsPowerShell\v1.0\;C:\WINDOWS\System32\OpenSSH\;C:\Program Files\Git\cmd;C:\Program Files (x86)\Windows Live\Shared;C:\Program Files\Docker\Docker\resources\bin;C:\ProgramData\DockerDesktop\version-bin;C:\Program Files\PuTTY\;C:\Program Files\nodejs\;C:\Users\lukas\AppData\Local\Microsoft\WindowsApps;C:\Users\lukas\AppData\Local\Coursier\data\bin;C:\Program Files\JetBrains\PyCharm 2021.2.2\bin;;C:\Users\lukas\AppData\Local\Programs\Microsoft VS Code\bin;C:\Program Files\Java\jdk-14.0.2\bin;C:\Users\lukas\AppData\Roaming\npm;C:\Program Files (x86)\Nmap;."/><property name="java.vendor" value="Oracle Corporation"/><property name="sun.io.unicode.encoding" value="UnicodeLittle"/><property name="java.class.path" value="C:\Users\lukas\AppData\Local\Coursier\data\bin\sbt.bat;C:\Users\lukas\AppData\Local\Coursier\cache\v1\https\repo1.maven.org\maven2\io\get-coursier\sbt\sbt-runner\0.2.0\sbt-runner-0.2.0.jar;C:\Users\lukas\AppData\Local\Coursier\cache\v1\https\repo1.maven.org\maven2\org\scala-sbt\sbt-launch\1.5.5\sbt-launch-1.5.5.jar"/><property name="java.vm.vendor" value="Oracle Corporation"/><property name="coursier.mainJar" value="C:\Users\lukas\AppData\Local\Coursier\data\bin\sbt.bat"/><property name="user.variant" value=""/><property name="jline.shutdownhook" value="false"/><property name="user.timezone" value="Europe/Berlin"/><property name="coursier.main.arg-0" value="test"/><property name="java.vm.specification.version" value="14"/><property name="os.name" value="Windows 10"/><property name="sun.java.launcher" value="SUN_STANDARD"/><property name="user.country" value="DE"/><property name="sun.cpu.endian" value="little"/><property name="user.home" value="C:\Users\lukas"/><property name="user.language" value="de"/><property name="swoval.tmpdir" value="C:\Users\lukas\.sbt\1.0"/><property name="jline.esc.timeout" value="0"/><property name="prog.dir" value="C:\\Users\\lukas\\AppData\\Local\\Coursier\\data\\bin\"/><property name="path.separator" value=";"/><property name="os.version" value="10.0"/><property name="jna.nosys" value="true"/><property name="java.runtime.name" value="OpenJDK Runtime Environment"/><property name="java.vm.name" value="OpenJDK 64-Bit Server VM"/><property name="java.vendor.url.bug" value="https://bugreport.java.com/bugreport/"/><property name="sbt-launch.version" value="1.5.5"/><property name="user.dir" value="C:\Users\lukas\IdeaProjects\Bettler_SA"/><property name="os.arch" value="amd64"/><property name="java.vm.info" value="mixed mode, sharing"/><property name="java.vm.version" value="14.0.2+12-46"/><property name="java.class.version" value="58.0"/>
    </properties>
          <testcase classname="de.htwg.se.bettler.controller.controllerBaseImp.controllerSpec" name="Controller should have a method play, that returns a Game" time="0.226">
                      
                    </testcase><testcase classname="de.htwg.se.bettler.controller.controllerBaseImp.controllerSpec" name="Controller should have a method skip to skip a turn" time="0.001">
                      
                    </testcase><testcase classname="de.htwg.se.bettler.controller.controllerBaseImp.controllerSpec" name="Controller should have a method start to start a new game" time="0.007">
                      
                    </testcase><testcase classname="de.htwg.se.bettler.controller.controllerBaseImp.controllerSpec" name="Controller should throw back none when no game is speciefied" time="0.004">
                      
                    </testcase><testcase classname="de.htwg.se.bettler.controller.controllerBaseImp.controllerSpec" name="Controller should have a method toString that returns the games string representation or a message, that the game is not initialized" time="0.014">
                      
                    </testcase><testcase classname="de.htwg.se.bettler.controller.controllerBaseImp.controllerSpec" name="Controller should have a method to save a game and to restore the game from a saved game" time="0.004">
                      
                    </testcase><testcase classname="de.htwg.se.bettler.controller.controllerBaseImp.controllerSpec" name="Controller should have a method to start the Next Round" time="0.004">
                      
                    </testcase><testcase classname="de.htwg.se.bettler.controller.controllerBaseImp.controllerSpec" name="Controller should have a method to undo a turn" time="0.001">
                      
                    </testcase><testcase classname="de.htwg.se.bettler.controller.controllerBaseImp.controllerSpec" name="Controller should have a method to redo a turn" time="0.002">
                      
                    </testcase>
          <system-out><![CDATA[]]></system-out>
          <system-err><![CDATA[]]></system-err>
        </testsuite>